[debug] [2021-01-26T17:16:52.732Z] ----------------------------------------------------------------------
[debug] [2021-01-26T17:16:52.735Z] Command:       C:\Program Files\nodejs\node.exe C:\Users\CnE\AppData\Roaming\npm\node_modules\firebase-tools\lib\bin\firebase.js init
[debug] [2021-01-26T17:16:52.735Z] CLI Version:   9.2.2
[debug] [2021-01-26T17:16:52.735Z] Platform:      win32
[debug] [2021-01-26T17:16:52.735Z] Node Version:  v14.15.0
[debug] [2021-01-26T17:16:52.736Z] Time:          Tue Jan 26 2021 23:16:52 GMT+0600 (Bangladesh Standard Time)
[debug] [2021-01-26T17:16:52.736Z] ----------------------------------------------------------------------
[debug] [2021-01-26T17:16:52.736Z] 
[debug] [2021-01-26T17:16:52.739Z] >>> [apiv2][query] GET https://firebase-public.firebaseio.com/cli.json [none]
[debug] [2021-01-26T17:16:52.761Z] > command requires scopes: ["email","openid","https://www.googleapis.com/auth/cloudplatformprojects.readonly","https://www.googleapis.com/auth/firebase","https://www.googleapis.com/auth/cloud-platform"]
[debug] [2021-01-26T17:16:52.762Z] > authorizing via signed-in user
[info] 
     ######## #### ########  ######## ########     ###     ######  ########
     ##        ##  ##     ## ##       ##     ##  ##   ##  ##       ##
     ######    ##  ########  ######   ########  #########  ######  ######
     ##        ##  ##    ##  ##       ##     ## ##     ##       ## ##
     ##       #### ##     ## ######## ########  ##     ##  ######  ########

You're about to initialize a Firebase project in this directory:

  J:\WEB-DEVELOPMENT\web-development-course\web-project\JOB_INTERVIEW_PROJECT\african-finex-gateway

[debug] [2021-01-26T17:16:53.846Z] <<< [apiv2][status] GET https://firebase-public.firebaseio.com/cli.json 200
[debug] [2021-01-26T17:16:53.846Z] <<< [apiv2][body] GET https://firebase-public.firebaseio.com/cli.json {"cloudBuildErrorAfter":1594252800000,"cloudBuildWarnAfter":1590019200000,"defaultNode10After":1594252800000,"minVersion":"3.0.5","node8DeploysDisabledAfter":1613390400000,"node8RuntimeDisabledAfter":1615809600000,"node8WarnAfter":1600128000000}
